 empezar - to start
_____________________________________________
 yo		empiezo     |	nosotros	empezamos
_____________________________________________
 tu		empiezas    |	vosotros	empezais
_____________________________________________
 ud.	empieza     |	uds.		empiezan
 el                |	ellas
 ella              |	ellos
 (S.S.)            |	(P.S.)


 querer - to want
_____________________________________________
 yo		quiero     |	nosotros	queremos
_____________________________________________
 tu		quieres    |	vosotros	quereis
_____________________________________________
 ud.	quiere     |	uds.		quieren
 el               |	ellas
 ella             |	ellos
 (S.S.)           |	(P.S.)


 pensar - to think
_____________________________________________
 yo		pienso     |	nosotros	pensamos
_____________________________________________
 tu		piensas    |	vosotros	pensais
_____________________________________________
 ud.	piensa     |	uds.		piensan
 el               |	ellas
 ella             |	ellos
 (S.S.)           |	(P.S.)


 sentirse - to feel
_____________________________________________
 yo		siento      |	nosotros	sentimos
_____________________________________________
 tu		sientes      |	vosotros	senteis
_____________________________________________
 ud.	siente      |	uds.		sienten
 el                 |	ellas
 ella               |	ellos
 (S.S.)             |	(P.S.)


 entendar - to understand
_____________________________________________
 yo		entiendo     |	nosotros	entendamos
_____________________________________________
 tu		entiendas    |	vosotros	entendais
_____________________________________________
 ud.	entienda     |	uds.		entiendan
 el                 |	ellas
 ella               |	ellos
 (S.S.)             |	(P.S.)


 cerrar - to close
_____________________________________________
 yo		cierro     |	nosotros	cerramos
_____________________________________________
 tu		cierras    |	vosotros	cerrais
_____________________________________________
 ud.	cierra     |	uds.		cierran
 el               |	ellas
 ella             |	ellos
 (S.S.)           |	(P.S.)


 jugar - to play
_____________________________________________
 yo		juego     |	nosotros	jugamos
_____________________________________________
 tu		juegas    |	vosotros	jugais
_____________________________________________
 ud.	juega     |	uds.		juegan
 el              |	ellas
 ella            |	ellos
 (S.S.)          |	(P.S.)


 costar - to cost
_____________________________________________
 yo		cuesto     |	nosotros	costamos
_____________________________________________
 tu		cuestas    |	vosotros	costais
_____________________________________________
 ud.	cuesta     |	uds.		cuestan
 el               |	ellas
 ella             |	ellos
 (S.S.)           |	(P.S.)


 encontar - to find
_____________________________________________
 yo		encuento     |	nosotros	encontamos
_____________________________________________
 tu		encuentas    |	vosotros	encontais
_____________________________________________
 ud.	encuenta     |	uds.		encuentan
 el                 |	ellas
 ella               |	ellos
 (S.S.)             |	(P.S.)


 recorodar - to remember
_____________________________________________
 yo		recoruedo     |	nosotros	recorodamos
_____________________________________________
 tu		recoruedas    |	vosotros	recorodais
_____________________________________________
 ud.	recorueda     |	uds.		recoruedan
 el                  |	ellas
 ella                |	ellos
 (S.S.)              |	(P.S.)


 volvar - to turn
_____________________________________________
 yo		vuelvo     |	nosotros	volvamos
_____________________________________________
 tu		vuelvas    |	vosotros	volvais
_____________________________________________
 ud.	vuelva     |	uds.		vuelvan
 el               |	ellas
 ella             |	ellos
 (S.S.)           |	(P.S.)


 podar - to prune
_____________________________________________
 yo		puedo     |	nosotros	podamos
_____________________________________________
 tu		puedas    |	vosotros	podais
_____________________________________________
 ud.	pueda     |	uds.		puedan
 el              |	ellas
 ella            |	ellos
 (S.S.)          |	(P.S.)


 dormir - to sleep
_____________________________________________
 yo		duermo     |	nosotros	dormimos
_____________________________________________
 tu		duermes    |	vosotros	dormis
_____________________________________________
 ud.	duerme     |	uds.		duermen
 el               |	ellas
 ella             |	ellos
 (S.S.)           |	(P.S.)


 servir - to serve
_____________________________________________
 yo		sirvo     |	nosotros	servimos
_____________________________________________
 tu		sirves    |	vosotros	servis
_____________________________________________
 ud.	sirve     |	uds.		sirven
 el               |	ellas
 ella             |	ellos
 (S.S.)           |	(P.S.)


 pedir - to ask
_____________________________________________
 yo		pido     |	nosotros	pedimos
_____________________________________________
 tu		pides    |	vosotros	pedis
_____________________________________________
 ud.	pide     |	uds.		piden
 el              |	ellas
 ella            |	ellos
 (S.S.)          |	(P.S.)


 seguir - to follow
_____________________________________________
 yo		siguo     |	nosotros	seguimos
_____________________________________________
 tu		sigues    |	vosotros	seguis
_____________________________________________
 ud.	sigue     |	uds.		siguen
 el               |	ellas
 ella             |	ellos
 (S.S.)           |	(P.S.)


 repedir - to revoke
_____________________________________________
 yo		repido     |	nosotros	repedimos
_____________________________________________
 tu		repides    |	vosotros	repedis
_____________________________________________
 ud.	repide     |	uds.		repiden
 el                |	ellas
 ella              |	ellos
 (S.S.)            |	(P.S.)
